<?xml version="1.0" encoding="UTF-8"?>
<testsuite name="com.jicay.bookmanagement.CucumberRunnerTest" tests="1" skipped="0" failures="0" errors="0" timestamp="2023-12-08T10:10:51" hostname="MBP-de-Imane.lan" time="16.384">
  <properties/>
  <testcase name="user creates two books and retrieve both of them" classname="com.jicay.bookmanagement.CucumberRunnerTest" time="16.384"/>
  <system-out><![CDATA[11:10:51.495 [Test worker] INFO org.springframework.test.context.support.AnnotationConfigContextLoaderUtils -- Could not detect default configuration classes for test class [com.jicay.bookmanagement.CucumberRunnerTest]: CucumberRunnerTest does not declare any static, non-private, non-final, nested classes annotated with @Configuration.
11:10:51.755 [Test worker] INFO org.springframework.boot.test.context.SpringBootTestContextBootstrapper -- Found @SpringBootConfiguration com.jicay.bookmanagement.BookManagementApplication for test class com.jicay.bookmanagement.CucumberRunnerTest

  .   ____          _            __ _ _
 /\\ / ___'_ __ _ _(_)_ __  __ _ \ \ \ \
( ( )\___ | '_ | '_| | '_ \/ _` | \ \ \ \
 \\/  ___)| |_)| | | | | || (_| |  ) ) ) )
  '  |____| .__|_| |_|_| |_\__, | / / / /
 =========|_|==============|___/=/_/_/_/
 :: Spring Boot ::                (v3.1.3)

2023-12-08T11:10:53.265+01:00  INFO 47549 --- [    Test worker] o.t.utility.ImageNameSubstitutor         : Image name substitution will be performed by: DefaultImageNameSubstitutor (composite of 'ConfigurationFileImageNameSubstitutor' and 'PrefixingImageNameSubstitutor')
2023-12-08T11:10:53.851+01:00  INFO 47549 --- [ers-lifecycle-0] o.t.d.DockerClientProviderStrategy       : Loaded org.testcontainers.dockerclient.UnixSocketClientProviderStrategy from ~/.testcontainers.properties, will try it first
2023-12-08T11:10:54.402+01:00  INFO 47549 --- [ers-lifecycle-0] o.t.d.DockerClientProviderStrategy       : Found Docker environment with local Unix socket (unix:///var/run/docker.sock)
2023-12-08T11:10:54.408+01:00  INFO 47549 --- [ers-lifecycle-0] org.testcontainers.DockerClientFactory   : Docker host IP address is localhost
2023-12-08T11:10:54.506+01:00  INFO 47549 --- [ers-lifecycle-0] org.testcontainers.DockerClientFactory   : Connected to docker: 
  Server Version: 24.0.6
  API Version: 1.43
  Operating System: Docker Desktop
  Total Memory: 7844 MB
2023-12-08T11:10:54.559+01:00  INFO 47549 --- [ers-lifecycle-0] tc.testcontainers/ryuk:0.5.1             : Creating container for image: testcontainers/ryuk:0.5.1
2023-12-08T11:10:54.675+01:00  INFO 47549 --- [ers-lifecycle-0] o.t.utility.RegistryAuthLocator          : Credential helper/store (docker-credential-desktop) does not have credentials for https://index.docker.io/v1/
2023-12-08T11:10:54.933+01:00  INFO 47549 --- [ers-lifecycle-0] tc.testcontainers/ryuk:0.5.1             : Container testcontainers/ryuk:0.5.1 is starting: d5974a585b07ca82712f6a930dffb54744b0acd40acbe90028dcb5c895d6b395
2023-12-08T11:10:55.414+01:00  INFO 47549 --- [ers-lifecycle-0] tc.testcontainers/ryuk:0.5.1             : Container testcontainers/ryuk:0.5.1 started in PT0.891881S
2023-12-08T11:10:55.423+01:00  INFO 47549 --- [ers-lifecycle-0] o.t.utility.RyukResourceReaper           : Ryuk started - will monitor and terminate Testcontainers containers on JVM exit
2023-12-08T11:10:55.424+01:00  INFO 47549 --- [ers-lifecycle-0] org.testcontainers.DockerClientFactory   : Checking the system...
2023-12-08T11:10:55.425+01:00  INFO 47549 --- [ers-lifecycle-0] org.testcontainers.DockerClientFactory   : ✔︎ Docker server version should be at least 1.6.0
2023-12-08T11:10:55.426+01:00  INFO 47549 --- [ers-lifecycle-0] tc.postgres:13-alpine                    : Creating container for image: postgres:13-alpine
2023-12-08T11:10:55.453+01:00  INFO 47549 --- [ers-lifecycle-0] tc.postgres:13-alpine                    : Container postgres:13-alpine is starting: 02524a875016a84bc23d10f5f916738aaa40b1e3c2fcd0860f433a6329773621
2023-12-08T11:10:56.372+01:00  INFO 47549 --- [ers-lifecycle-0] tc.postgres:13-alpine                    : Container postgres:13-alpine started in PT0.94668S
2023-12-08T11:10:56.376+01:00  INFO 47549 --- [ers-lifecycle-0] tc.postgres:13-alpine                    : Container is started (JDBC URL: jdbc:postgresql://localhost:64987/test?loggerLevel=OFF)
2023-12-08T11:10:56.408+01:00  INFO 47549 --- [    Test worker] c.j.bookmanagement.CucumberRunnerTest    : Starting CucumberRunnerTest using Java 17.0.9 with PID 47549 (started by imane in /Users/imane/COURS/Électives/Méthodologies de tests & tests unitaires/bookManagement-master)
2023-12-08T11:10:56.412+01:00  INFO 47549 --- [    Test worker] c.j.bookmanagement.CucumberRunnerTest    : No active profile set, falling back to 1 default profile: "default"
2023-12-08T11:10:59.462+01:00  INFO 47549 --- [    Test worker] o.s.b.w.embedded.tomcat.TomcatWebServer  : Tomcat initialized with port(s): 0 (http)
2023-12-08T11:10:59.485+01:00  INFO 47549 --- [    Test worker] o.apache.catalina.core.StandardService   : Starting service [Tomcat]
2023-12-08T11:10:59.486+01:00  INFO 47549 --- [    Test worker] o.apache.catalina.core.StandardEngine    : Starting Servlet engine: [Apache Tomcat/10.1.12]
2023-12-08T11:10:59.684+01:00  INFO 47549 --- [    Test worker] o.a.c.c.C.[Tomcat].[localhost].[/]       : Initializing Spring embedded WebApplicationContext
2023-12-08T11:10:59.689+01:00  INFO 47549 --- [    Test worker] w.s.c.ServletWebServerApplicationContext : Root WebApplicationContext: initialization completed in 2721 ms
2023-12-08T11:11:00.182+01:00  INFO 47549 --- [    Test worker] com.zaxxer.hikari.HikariDataSource       : HikariPool-1 - Starting...
2023-12-08T11:11:00.599+01:00  INFO 47549 --- [    Test worker] com.zaxxer.hikari.pool.HikariPool        : HikariPool-1 - Added connection org.postgresql.jdbc.PgConnection@48bff6ff
2023-12-08T11:11:00.607+01:00  INFO 47549 --- [    Test worker] com.zaxxer.hikari.HikariDataSource       : HikariPool-1 - Start completed.
2023-12-08T11:11:00.892+01:00  INFO 47549 --- [    Test worker] liquibase.database                       : Set default schema name to public
2023-12-08T11:11:02.015+01:00  INFO 47549 --- [    Test worker] liquibase.executor                       : Changelog query completed.
2023-12-08T11:11:02.027+01:00  INFO 47549 --- [    Test worker] liquibase.executor                       : Changelog query completed.
2023-12-08T11:11:02.040+01:00  INFO 47549 --- [    Test worker] liquibase.executor                       : Changelog query completed.
2023-12-08T11:11:02.047+01:00  INFO 47549 --- [    Test worker] liquibase.executor                       : Changelog query completed.
2023-12-08T11:11:02.058+01:00  INFO 47549 --- [    Test worker] liquibase.executor                       : Changelog query completed.
2023-12-08T11:11:02.062+01:00  INFO 47549 --- [    Test worker] liquibase.lockservice                    : Successfully acquired change log lock
2023-12-08T11:11:02.099+01:00  INFO 47549 --- [    Test worker] liquibase.changelog                      : Creating database history table with name: public.databasechangelog
2023-12-08T11:11:02.109+01:00  INFO 47549 --- [    Test worker] liquibase.executor                       : Changelog query completed.
2023-12-08T11:11:02.113+01:00  INFO 47549 --- [    Test worker] liquibase.changelog                      : Reading from public.databasechangelog
2023-12-08T11:11:02.121+01:00  INFO 47549 --- [    Test worker] liquibase.executor                       : Changelog query completed.
2023-12-08T11:11:02.132+01:00  INFO 47549 --- [    Test worker] liquibase.executor                       : Changelog query completed.
Running Changeset: db/changelogs/20231009000500_initial_schema.xml::20231009000500::jicay
2023-12-08T11:11:02.353+01:00  INFO 47549 --- [    Test worker] liquibase.changelog                      : Table book created
2023-12-08T11:11:02.362+01:00  INFO 47549 --- [    Test worker] liquibase.changelog                      : Primary key added to book (id)
2023-12-08T11:11:02.385+01:00  INFO 47549 --- [    Test worker] liquibase.changelog                      : Auto-increment added to book.id
2023-12-08T11:11:02.388+01:00  INFO 47549 --- [    Test worker] liquibase.changelog                      : ChangeSet db/changelogs/20231009000500_initial_schema.xml::20231009000500::jicay ran successfully in 122ms
2023-12-08T11:11:02.392+01:00  INFO 47549 --- [    Test worker] liquibase.executor                       : Changelog query completed.
2023-12-08T11:11:02.397+01:00  INFO 47549 --- [    Test worker] liquibase.executor                       : Changelog query completed.
2023-12-08T11:11:02.399+01:00  INFO 47549 --- [    Test worker] liquibase                                : Update command completed successfully.
2023-12-08T11:11:02.407+01:00  INFO 47549 --- [    Test worker] liquibase.executor                       : Changelog query completed.
2023-12-08T11:11:02.409+01:00  INFO 47549 --- [    Test worker] liquibase.lockservice                    : Successfully released change log lock
2023-12-08T11:11:03.915+01:00  INFO 47549 --- [    Test worker] o.s.b.w.embedded.tomcat.TomcatWebServer  : Tomcat started on port(s): 65004 (http) with context path ''
2023-12-08T11:11:03.938+01:00  INFO 47549 --- [    Test worker] c.j.bookmanagement.CucumberRunnerTest    : Started CucumberRunnerTest in 11.787 seconds (process running for 17.127)

Scenario: user creates two books and retrieve both of them                 ?[90m# features/book.feature:2?[0m
2023-12-08T11:11:06.925+01:00  INFO 47549 --- [o-auto-1-exec-2] o.a.c.c.C.[Tomcat].[localhost].[/]       : Initializing Spring DispatcherServlet 'dispatcherServlet'
2023-12-08T11:11:06.928+01:00  INFO 47549 --- [o-auto-1-exec-2] o.s.web.servlet.DispatcherServlet        : Initializing Servlet 'dispatcherServlet'
2023-12-08T11:11:06.935+01:00  INFO 47549 --- [o-auto-1-exec-2] o.s.web.servlet.DispatcherServlet        : Completed initialization in 6 ms
  ?[32mWhen ?[0m?[32mthe user creates the book ?[0m?[32m?[1m"Les Misérables"?[0m?[32m written by ?[0m?[32m?[1m"Victor Hugo"?[0m ?[90m# void com.jicay.bookmanagement.BookStepDefs.createBook(java.lang.String,java.lang.String)?[0m
  ?[32mAnd ?[0m?[32mthe user creates the book ?[0m?[32m?[1m"L'avare"?[0m?[32m written by ?[0m?[32m?[1m"Molière"?[0m             ?[90m# void com.jicay.bookmanagement.BookStepDefs.createBook(java.lang.String,java.lang.String)?[0m
  ?[32mAnd ?[0m?[32mthe user get all books?[0m                                               ?[90m# void com.jicay.bookmanagement.BookStepDefs.getAllBooks()?[0m
  ?[32mThen ?[0m?[32mthe list should contains the following books in the same order?[0m      ?[90m# void com.jicay.bookmanagement.BookStepDefs.shouldHaveListOfBooks(java.util.List<? extends java.util.Map<java.lang.String, ?>>)?[0m
    | name           | author      |
    | L'avare        | Molière     |
    | Les Misérables | Victor Hugo |
]]></system-out>
  <system-err><![CDATA[]]></system-err>
</testsuite>
